Depth 5


Heuristic 1 vs 2
First Move : 1
Heuristic 1 won : 8
Heuristic 2 won : 1
Draw : 1

Depth 6


Heuristic 1 vs 2
First Move : 1
Heuristic 1 won : 6
Heuristic 2 won : 4
Draw : 0

Depth 7


Heuristic 1 vs 2
First Move : 1
Heuristic 1 won : 8
Heuristic 2 won : 2
Draw : 0

Depth 8


Heuristic 1 vs 2
First Move : 1
Heuristic 1 won : 8
Heuristic 2 won : 1
Draw : 1

Depth 9


Heuristic 1 vs 2
First Move : 1
Heuristic 1 won : 5
Heuristic 2 won : 3
Draw : 2

Depth 10


Heuristic 1 vs 2
First Move : 1
Heuristic 1 won : 10
Heuristic 2 won : 0
Draw : 0

Depth 11


Heuristic 1 vs 2
First Move : 1
Heuristic 1 won : 10
Heuristic 2 won : 0
Draw : 0

Depth 12


Heuristic 1 vs 2
First Move : 1
Heuristic 1 won : 9
Heuristic 2 won : 1
Draw : 0

Depth 13


Heuristic 1 vs 2
First Move : 1
Heuristic 1 won : 10
Heuristic 2 won : 0
Draw : 0

Depth 14


Heuristic 1 vs 2
First Move : 1
Heuristic 1 won : 10
Heuristic 2 won : 0
Draw : 0

Depth 15


Heuristic 1 vs 2
First Move : 1
Heuristic 1 won : 10
Heuristic 2 won : 0
Draw : 0

Depth 5


Heuristic 2 vs 1
First Move : 2
Heuristic 2 won : 0
Heuristic 1 won : 10
Draw : 0

Depth 6


Heuristic 2 vs 1
First Move : 2
Heuristic 2 won : 4
Heuristic 1 won : 6
Draw : 0

Depth 7


Heuristic 2 vs 1
First Move : 2
Heuristic 2 won : 1
Heuristic 1 won : 9
Draw : 0

Depth 8


Heuristic 2 vs 1
First Move : 2
Heuristic 2 won : 6
Heuristic 1 won : 1
Draw : 3

Depth 9


Heuristic 2 vs 1
First Move : 2
Heuristic 2 won : 2
Heuristic 1 won : 8
Draw : 0

Depth 10


Heuristic 2 vs 1
First Move : 2
Heuristic 2 won : 9
Heuristic 1 won : 0
Draw : 1

Depth 11


Heuristic 2 vs 1
First Move : 2
Heuristic 2 won : 10
Heuristic 1 won : 0
Draw : 0

Depth 12


Heuristic 2 vs 1
First Move : 2
Heuristic 2 won : 7
Heuristic 1 won : 3
Draw : 0

Depth 13


Heuristic 2 vs 1
First Move : 2
Heuristic 2 won : 7
Heuristic 1 won : 3
Draw : 0

